0 info it worked if it ends with ok
1 verbose cli [ '/usr/bin/nodejs', '/usr/bin/npm', 'run', 'build' ]
2 info using npm@3.5.2
3 info using node@v4.2.6
4 verbose run-script [ 'prebuild', 'build', 'postbuild' ]
5 info lifecycle qb-device-management@0.1.0~prebuild: qb-device-management@0.1.0
6 silly lifecycle qb-device-management@0.1.0~prebuild: no script for prebuild, continuing
7 info lifecycle qb-device-management@0.1.0~build: qb-device-management@0.1.0
8 verbose lifecycle qb-device-management@0.1.0~build: unsafe-perm in lifecycle true
9 verbose lifecycle qb-device-management@0.1.0~build: PATH: /usr/share/npm/bin/node-gyp-bin:/home/reshma/Projects/qb-device-management/node_modules/.bin:/usr/local/sbin:/usr/local/bin:/usr/sbin:/usr/bin:/sbin:/bin:/usr/games:/usr/local/games:/snap/bin:/usr/lib/jvm/java-8-oracle/bin:/usr/lib/jvm/java-8-oracle/db/bin:/usr/lib/jvm/java-8-oracle/jre/bin:/home/reshma/android-sdk-linux/tools
10 verbose lifecycle qb-device-management@0.1.0~build: CWD: /home/reshma/Projects/qb-device-management
11 silly lifecycle qb-device-management@0.1.0~build: Args: [ '-c', 'tsc --rootDir src --outDir dist' ]
12 info lifecycle qb-device-management@0.1.0~build: Failed to exec build script
13 verbose stack Error: qb-device-management@0.1.0 build: `tsc --rootDir src --outDir dist`
13 verbose stack spawn ENOENT
13 verbose stack     at ChildProcess.<anonymous> (/usr/share/npm/lib/utils/spawn.js:17:16)
13 verbose stack     at emitTwo (events.js:87:13)
13 verbose stack     at ChildProcess.emit (events.js:172:7)
13 verbose stack     at maybeClose (internal/child_process.js:821:16)
13 verbose stack     at Process.ChildProcess._handle.onexit (internal/child_process.js:211:5)
14 verbose pkgid qb-device-management@0.1.0
15 verbose cwd /home/reshma/Projects/qb-device-management
16 error Linux 4.4.0-53-generic
17 error argv "/usr/bin/nodejs" "/usr/bin/npm" "run" "build"
18 error node v4.2.6
19 error npm  v3.5.2
20 error file sh
21 error code ELIFECYCLE
22 error errno ENOENT
23 error syscall spawn
24 error qb-device-management@0.1.0 build: `tsc --rootDir src --outDir dist`
24 error spawn ENOENT
25 error Failed at the qb-device-management@0.1.0 build script 'tsc --rootDir src --outDir dist'.
25 error Make sure you have the latest version of node.js and npm installed.
25 error If you do, this is most likely a problem with the qb-device-management package,
25 error not with npm itself.
25 error Tell the author that this fails on your system:
25 error     tsc --rootDir src --outDir dist
25 error You can get information on how to open an issue for this project with:
25 error     npm bugs qb-device-management
25 error Or if that isn't available, you can get their info via:
25 error     npm owner ls qb-device-management
25 error There is likely additional logging output above.
26 verbose exit [ 1, true ]
